Copyright 1986-2022 Xilinx, Inc. All Rights Reserved. Copyright 2022-2023 Advanced Micro Devices, Inc. All Rights Reserved.
---------------------------------------------------------------------------------------------------------------------------------------------
| Tool Version : Vivado v.2023.1 (lin64) Build 3865809 Sun May  7 15:04:56 MDT 2023
| Date         : Sat Oct 28 01:20:00 2023
| Host         : worker running 64-bit Ubuntu 20.04.6 LTS
| Command      : report_timing -file obj/post_place_timing.rpt
| Design       : top_level
| Device       : 7s50-csga324
| Speed File   : -1  PRODUCTION 1.23 2018-06-13
| Design State : Fully Placed
---------------------------------------------------------------------------------------------------------------------------------------------

Timing Report

Slack (MET) :             8.419ns  (required time - arrival time)
  Source:                 clk_25mhz_count_reg[1]/C
                            (rising edge-triggered cell FDRE clocked by gclk  {rise@0.000ns fall@4.000ns period=10.000ns})
  Destination:            clk_25mhz_count_reg[1]/D
                            (rising edge-triggered cell FDRE clocked by gclk  {rise@0.000ns fall@4.000ns period=10.000ns})
  Path Group:             gclk
  Path Type:              Setup (Max at Slow Process Corner)
  Requirement:            10.000ns  (gclk rise@10.000ns - gclk rise@0.000ns)
  Data Path Delay:        1.597ns  (logic 0.744ns (46.587%)  route 0.853ns (53.413%))
  Logic Levels:           1  (LUT3=1)
  Clock Path Skew:        -0.024ns (DCD - SCD + CPR)
    Destination Clock Delay (DCD):    4.850ns = ( 14.850 - 10.000 ) 
    Source Clock Delay      (SCD):    5.140ns
    Clock Pessimism Removal (CPR):    0.267ns
  Clock Uncertainty:      0.035ns  ((TSJ^2 + TIJ^2)^1/2 + DJ) / 2 + PE
    Total System Jitter     (TSJ):    0.071ns
    Total Input Jitter      (TIJ):    0.000ns
    Discrete Jitter          (DJ):    0.000ns
    Phase Error              (PE):    0.000ns

    Location             Delay type                Incr(ns)  Path(ns)    Netlist Resource(s)
  -------------------------------------------------------------------    -------------------
                         (clock gclk rise edge)       0.000     0.000 r  
    N15                                               0.000     0.000 r  clk_100mhz (IN)
                         net (fo=0)                   0.000     0.000    clk_100mhz
    N15                  IBUF (Prop_ibuf_I_O)         1.440     1.440 r  clk_100mhz_IBUF_inst/O
                         net (fo=1, estimated)        1.972     3.412    clk_100mhz_IBUF
    BUFGCTRL_X0Y0        BUFG (Prop_bufg_I_O)         0.096     3.508 r  clk_100mhz_IBUF_BUFG_inst/O
                         net (fo=2, estimated)        1.632     5.140    clk_100mhz_IBUF_BUFG
    SLICE_X0Y16          FDRE                                         r  clk_25mhz_count_reg[1]/C
  -------------------------------------------------------------------    -------------------
    SLICE_X0Y16          FDRE (Prop_fdre_C_Q)         0.419     5.559 r  clk_25mhz_count_reg[1]/Q
                         net (fo=2, estimated)        0.853     6.412    clk_25mhz_count[1]
    SLICE_X0Y16          LUT3 (Prop_lut3_I1_O)        0.325     6.737 r  clk_25mhz_count[1]_i_1/O
                         net (fo=1, routed)           0.000     6.737    clk_25mhz_count[1]_i_1_n_0
    SLICE_X0Y16          FDRE                                         r  clk_25mhz_count_reg[1]/D
  -------------------------------------------------------------------    -------------------

                         (clock gclk rise edge)      10.000    10.000 r  
    N15                                               0.000    10.000 r  clk_100mhz (IN)
                         net (fo=0)                   0.000    10.000    clk_100mhz
    N15                  IBUF (Prop_ibuf_I_O)         1.370    11.370 r  clk_100mhz_IBUF_inst/O
                         net (fo=1, estimated)        1.873    13.244    clk_100mhz_IBUF
    BUFGCTRL_X0Y0        BUFG (Prop_bufg_I_O)         0.091    13.335 r  clk_100mhz_IBUF_BUFG_inst/O
                         net (fo=2, estimated)        1.515    14.850    clk_100mhz_IBUF_BUFG
    SLICE_X0Y16          FDRE                                         r  clk_25mhz_count_reg[1]/C
                         clock pessimism              0.267    15.116    
                         clock uncertainty           -0.035    15.081    
    SLICE_X0Y16          FDRE (Setup_fdre_C_D)        0.075    15.156    clk_25mhz_count_reg[1]
  -------------------------------------------------------------------
                         required time                         15.156    
                         arrival time                          -6.737    
  -------------------------------------------------------------------
                         slack                                  8.419    




